
--- Post-Commit Run: 2026-05-04 20:42:55.309964 ---
Files: ['TODO.md', 'docs/track/automated_documentation_sync.md', 'lefthook.yml', 'scripts/hooks/post_commit.py']
.: Already indexed

Progress: [                            ]   0%
0/1 files | 0/s | 0.0s
Progress: [▮▮▮▮▮▮▮▮▮▮▮▮▮▮▮▮▮▮▮▮▮▮▮▮▮▮▮▮] 100%
1/1 files | 1 indexed | 2/s | 0.4s
LINKS: [▮▮▮▮▮▮▮▮▮▮▮▮▮▮▮▮▮▮▮▮▮▮▮▮▮▮▮▮] 100%
52/52 relationships | 6 resolved | 46 skipped | 0.0s
LINKS: [▮▮▮▮▮▮▮▮▮▮▮▮▮▮▮▮▮▮▮▮▮▮▮▮▮▮▮▮] 100%
52/52 relationships | 6 resolved | 46 skipped | 0.2s

Saving index with 3136 total symbols, 797 total relationships...
Index saved to: .codanna\index
Progress: [▮▮▮▮▮▮▮▮▮▮▮▮▮▮▮▮▮▮▮▮▮▮▮▮▮▮▮▮] 100%
3/3 files | 68/s | 0.0s
Progress: [▮▮▮▮▮▮▮▮▮▮▮▮▮▮▮▮▮▮▮▮▮▮▮▮▮▮▮▮] 100%
3/3 files | 3/s | 1.1s
Progress: [▮▮▮▮▮▮▮▮▮▮▮▮▮▮▮▮▮▮▮▮▮▮▮▮▮▮▮▮] 100%
3/3 files | 1/s | 2.1s
Progress: [▮▮▮▮▮▮▮▮▮▮▮▮▮▮▮▮▮▮▮▮▮▮▮▮▮▮▮▮] 100%
3/3 files | 1/s | 3.1s
Progress: [▮▮▮▮▮▮▮▮▮▮▮▮▮▮▮▮▮▮▮▮▮▮▮▮▮▮▮▮] 100%
3/3 files | 1/s | 4.1s
Progress: [▮▮▮▮▮▮▮▮▮▮▮▮▮▮▮▮▮▮▮▮▮▮▮▮▮▮▮▮] 100%
3/3 files | 1/s | 4.2s
Progress: [▮▮▮▮▮▮▮▮▮▮▮▮▮▮▮▮▮▮▮▮▮▮▮▮▮▮▮▮] 100%
30/30 chunks | 2755/s | 0.0s
Progress: [▮▮▮▮▮▮▮▮▮▮▮▮▮▮▮▮▮▮▮▮▮▮▮▮▮▮▮▮] 100%
1/1 files | 29/s | 0.0s
Failed to index collection 'agents': Tantivy error: Failed to open file for write: 'IoError { io_error: Os { code: 5, kind: PermissionDenied, message: "Access is denied." }, filepath: "bf5d1b269d074dc0b8cb932b926df876.1803.del" }'
Progress: [▮▮▮▮▮▮▮▮▮▮▮▮▮▮▮▮▮▮▮▮▮▮▮▮▮▮▮▮] 100%
1/1 files | 7/s | 0.1s
Progress: [▮▮▮▮▮▮▮▮▮▮▮▮▮▮▮▮▮▮▮▮▮▮▮▮▮▮▮▮] 100%
30/30 chunks | 182/s | 0.2s
Total: 3 files, 30 chunks
  [code-index] running: codanna index .
  [docs-index] running: codanna documents index
